<?xml version="1.0" encoding="UTF-8"?>
<testng-results skipped="0" failed="1" total="1" passed="0">
  <reporter-output>
  </reporter-output>
  <suite name="Default suite" duration-ms="6024" started-at="2017-03-22T11:40:34Z" finished-at="2017-03-22T11:40:40Z">
    <groups>
    </groups>
    <test name="Default test" duration-ms="6024" started-at="2017-03-22T11:40:34Z" finished-at="2017-03-22T11:40:40Z">
      <class name="TestNG.wordpress_site">
        <test-method status="PASS" signature="launchApp()[pri:0, instance:TestNG.wordpress_site@6d78f375]" name="launchApp" is-config="true" duration-ms="6005" started-at="2017-03-22T13:40:34Z" finished-at="2017-03-22T13:40:40Z">
          <reporter-output>
          </reporter-output>
        </test-method> <!-- launchApp -->
        <test-method status="FAIL" signature="WP_01_Login_Fail_Bad_Password()[pri:0, instance:TestNG.wordpress_site@6d78f375]" name="WP_01_Login_Fail_Bad_Password" duration-ms="6" started-at="2017-03-22T13:40:40Z" finished-at="2017-03-22T13:40:40Z">
          <exception class="java.lang.NullPointerException">
            <full-stacktrace>
              <![CDATA[java.lang.NullPointerException
	at com.google.common.base.Preconditions.checkNotNull(Preconditions.java:212)
	at org.openqa.selenium.support.ui.FluentWait.<init>(FluentWait.java:102)
	at org.openqa.selenium.support.ui.WebDriverWait.<init>(WebDriverWait.java:71)
	at org.openqa.selenium.support.ui.WebDriverWait.<init>(WebDriverWait.java:45)
	at library.Utility.WP_Admin_Login(Utility.java:78)
	at TestNG.wordpress_site.WP_01_Login_Fail_Bad_Password(wordpress_site.java:73)
	at sun.reflect.NativeMethodAccessorImpl.invoke0(Native Method)
	at sun.reflect.NativeMethodAccessorImpl.invoke(NativeMethodAccessorImpl.java:62)
	at sun.reflect.DelegatingMethodAccessorImpl.invoke(DelegatingMethodAccessorImpl.java:43)
	at java.lang.reflect.Method.invoke(Method.java:498)
	at org.testng.internal.MethodInvocationHelper.invokeMethod(MethodInvocationHelper.java:100)
	at org.testng.internal.Invoker.invokeMethod(Invoker.java:646)
	at org.testng.internal.Invoker.invokeTestMethod(Invoker.java:811)
	at org.testng.internal.Invoker.invokeTestMethods(Invoker.java:1137)
	at org.testng.internal.TestMethodWorker.invokeTestMethods(TestMethodWorker.java:129)
	at org.testng.internal.TestMethodWorker.run(TestMethodWorker.java:112)
	at org.testng.TestRunner.privateRun(TestRunner.java:753)
	at org.testng.TestRunner.run(TestRunner.java:607)
	at org.testng.SuiteRunner.runTest(SuiteRunner.java:368)
	at org.testng.SuiteRunner.runSequentially(SuiteRunner.java:363)
	at org.testng.SuiteRunner.privateRun(SuiteRunner.java:321)
	at org.testng.SuiteRunner.run(SuiteRunner.java:270)
	at org.testng.SuiteRunnerWorker.runSuite(SuiteRunnerWorker.java:52)
	at org.testng.SuiteRunnerWorker.run(SuiteRunnerWorker.java:86)
	at org.testng.TestNG.runSuitesSequentially(TestNG.java:1284)
	at org.testng.TestNG.runSuitesLocally(TestNG.java:1209)
	at org.testng.TestNG.runSuites(TestNG.java:1124)
	at org.testng.TestNG.run(TestNG.java:1096)
	at org.testng.remote.AbstractRemoteTestNG.run(AbstractRemoteTestNG.java:132)
	at org.testng.remote.RemoteTestNG.initAndRun(RemoteTestNG.java:236)
	at org.testng.remote.RemoteTestNG.main(RemoteTestNG.java:81)
]]>
            </full-stacktrace>
          </exception> <!-- java.lang.NullPointerException -->
          <reporter-output>
          </reporter-output>
        </test-method> <!-- WP_01_Login_Fail_Bad_Password -->
        <test-method status="PASS" signature="terminatetest()[pri:0, instance:TestNG.wordpress_site@6d78f375]" name="terminatetest" is-config="true" duration-ms="0" started-at="2017-03-22T13:40:40Z" finished-at="2017-03-22T13:40:40Z">
          <reporter-output>
          </reporter-output>
        </test-method> <!-- terminatetest -->
      </class> <!-- TestNG.wordpress_site -->
    </test> <!-- Default test -->
  </suite> <!-- Default suite -->
</testng-results>
